2021-01-19 20:43:09.609  INFO 8972 --- [restartedMain] com.uc.java.SpringBootDemoApplication    : Starting SpringBootDemoApplication using Java 15.0.1 on DESKTOP-R3SUBAD with PID 8972 (F:\New folder\Resources\spring-boot workspace\Spring-Boot-Demo\target\classes started by uc in F:\New folder\Resources\spring-boot workspace\Spring-Boot-Demo)
2021-01-19 20:43:09.609  INFO 8972 --- [restartedMain] com.uc.java.SpringBootDemoApplication    : No active profile set, falling back to default profiles: default
2021-01-19 20:43:09.699  INFO 8972 --- [restartedMain] .s.d.r.c.RepositoryConfigurationDelegate : Bootstrapping Spring Data JPA repositories in DEFAULT mode.
2021-01-19 20:43:09.703  INFO 8972 --- [restartedMain] .s.d.r.c.RepositoryConfigurationDelegate : Finished Spring Data repository scanning in 3 ms. Found 1 JPA repository interfaces.
2021-01-19 20:43:09.758  INFO 8972 --- [restartedMain] o.s.b.w.embedded.tomcat.TomcatWebServer  : Tomcat initialized with port(s): 8090 (http)
2021-01-19 20:43:09.758  INFO 8972 --- [restartedMain] o.apache.catalina.core.StandardService   : Starting service [Tomcat]
2021-01-19 20:43:09.759  INFO 8972 --- [restartedMain] org.apache.catalina.core.StandardEngine  : Starting Servlet engine: [Apache Tomcat/9.0.41]
2021-01-19 20:43:09.771  INFO 8972 --- [restartedMain] o.a.c.c.C.[Tomcat].[localhost].[/]       : Initializing Spring embedded WebApplicationContext
2021-01-19 20:43:09.772  INFO 8972 --- [restartedMain] w.s.c.ServletWebServerApplicationContext : Root WebApplicationContext: initialization completed in 161 ms
2021-01-19 20:43:09.792  INFO 8972 --- [restartedMain] o.hibernate.jpa.internal.util.LogHelper  : HHH000204: Processing PersistenceUnitInfo [name: default]
2021-01-19 20:43:09.794  INFO 8972 --- [restartedMain] com.zaxxer.hikari.HikariDataSource       : HikariPool-2 - Starting...
2021-01-19 20:43:09.810  INFO 8972 --- [restartedMain] com.zaxxer.hikari.HikariDataSource       : HikariPool-2 - Start completed.
2021-01-19 20:43:09.810  INFO 8972 --- [restartedMain] org.hibernate.dialect.Dialect            : HHH000400: Using dialect: org.hibernate.dialect.MySQL8Dialect
2021-01-19 20:43:09.823  INFO 8972 --- [restartedMain] o.h.e.t.j.p.i.JtaPlatformInitiator       : HHH000490: Using JtaPlatform implementation: [org.hibernate.engine.transaction.jta.platform.internal.NoJtaPlatform]
2021-01-19 20:43:09.824  INFO 8972 --- [restartedMain] j.LocalContainerEntityManagerFactoryBean : Initialized JPA EntityManagerFactory for persistence unit 'default'
2021-01-19 20:43:09.865  WARN 8972 --- [restartedMain] JpaBaseConfiguration$JpaWebConfiguration : spring.jpa.open-in-view is enabled by default. Therefore, database queries may be performed during view rendering. Explicitly configure spring.jpa.open-in-view to disable this warning
2021-01-19 20:43:09.883  INFO 8972 --- [restartedMain] o.s.s.concurrent.ThreadPoolTaskExecutor  : Initializing ExecutorService 'applicationTaskExecutor'
2021-01-19 20:43:09.892  INFO 8972 --- [restartedMain] o.s.b.a.w.s.WelcomePageHandlerMapping    : Adding welcome page template: index
2021-01-19 20:43:09.923  INFO 8972 --- [restartedMain] o.s.b.d.a.OptionalLiveReloadServer       : LiveReload server is running on port 35729
2021-01-19 20:43:09.930  INFO 8972 --- [restartedMain] o.s.b.w.embedded.tomcat.TomcatWebServer  : Tomcat started on port(s): 8090 (http) with context path ''
2021-01-19 20:43:09.934  INFO 8972 --- [restartedMain] com.uc.java.SpringBootDemoApplication    : Started SpringBootDemoApplication in 0.344 seconds (JVM running for 115.843)
2021-01-19 20:43:09.935  INFO 8972 --- [restartedMain] .ConditionEvaluationDeltaLoggingListener : Condition evaluation unchanged
2021-01-19 20:43:15.699  INFO 8972 --- [RMI TCP Connection(4)-127.0.0.1] inMXBeanRegistrar$SpringApplicationAdmin : Application shutdown requested.
2021-01-19 20:43:15.717  INFO 8972 --- [RMI TCP Connection(4)-127.0.0.1] o.s.s.concurrent.ThreadPoolTaskExecutor  : Shutting down ExecutorService 'applicationTaskExecutor'
2021-01-19 20:43:15.718  INFO 8972 --- [RMI TCP Connection(4)-127.0.0.1] j.LocalContainerEntityManagerFactoryBean : Closing JPA EntityManagerFactory for persistence unit 'default'
2021-01-19 20:43:15.718  INFO 8972 --- [RMI TCP Connection(4)-127.0.0.1] com.zaxxer.hikari.HikariDataSource       : HikariPool-2 - Shutdown initiated...
2021-01-19 20:43:15.721  INFO 8972 --- [RMI TCP Connection(4)-127.0.0.1] com.zaxxer.hikari.HikariDataSource       : HikariPool-2 - Shutdown completed.
2021-01-19 20:43:21.533  INFO 2904 --- [restartedMain] com.uc.java.SpringBootDemoApplication    : Starting SpringBootDemoApplication using Java 15.0.1 on DESKTOP-R3SUBAD with PID 2904 (F:\New folder\Resources\spring-boot workspace\Spring-Boot-Demo\target\classes started by uc in F:\New folder\Resources\spring-boot workspace\Spring-Boot-Demo)
2021-01-19 20:43:21.535  INFO 2904 --- [restartedMain] com.uc.java.SpringBootDemoApplication    : No active profile set, falling back to default profiles: default
2021-01-19 20:43:21.563  INFO 2904 --- [restartedMain] .e.DevToolsPropertyDefaultsPostProcessor : Devtools property defaults active! Set 'spring.devtools.add-properties' to 'false' to disable
2021-01-19 20:43:21.563  INFO 2904 --- [restartedMain] .e.DevToolsPropertyDefaultsPostProcessor : For additional web related logging consider setting the 'logging.level.web' property to 'DEBUG'
2021-01-19 20:43:21.912  INFO 2904 --- [restartedMain] .s.d.r.c.RepositoryConfigurationDelegate : Bootstrapping Spring Data JPA repositories in DEFAULT mode.
2021-01-19 20:43:21.951  INFO 2904 --- [restartedMain] .s.d.r.c.RepositoryConfigurationDelegate : Finished Spring Data repository scanning in 34 ms. Found 1 JPA repository interfaces.
2021-01-19 20:43:22.277  INFO 2904 --- [restartedMain] o.s.b.w.embedded.tomcat.TomcatWebServer  : Tomcat initialized with port(s): 8090 (http)
2021-01-19 20:43:22.282  INFO 2904 --- [restartedMain] o.apache.catalina.core.StandardService   : Starting service [Tomcat]
2021-01-19 20:43:22.283  INFO 2904 --- [restartedMain] org.apache.catalina.core.StandardEngine  : Starting Servlet engine: [Apache Tomcat/9.0.41]
2021-01-19 20:43:22.337  INFO 2904 --- [restartedMain] o.a.c.c.C.[Tomcat].[localhost].[/]       : Initializing Spring embedded WebApplicationContext
2021-01-19 20:43:22.338  INFO 2904 --- [restartedMain] w.s.c.ServletWebServerApplicationContext : Root WebApplicationContext: initialization completed in 775 ms
2021-01-19 20:43:22.441  INFO 2904 --- [restartedMain] o.hibernate.jpa.internal.util.LogHelper  : HHH000204: Processing PersistenceUnitInfo [name: default]
2021-01-19 20:43:22.469  INFO 2904 --- [restartedMain] org.hibernate.Version                    : HHH000412: Hibernate ORM core version 5.4.25.Final
2021-01-19 20:43:22.551  INFO 2904 --- [restartedMain] o.hibernate.annotations.common.Version   : HCANN000001: Hibernate Commons Annotations {5.1.2.Final}
2021-01-19 20:43:22.611  INFO 2904 --- [restartedMain] com.zaxxer.hikari.HikariDataSource       : HikariPool-1 - Starting...
2021-01-19 20:43:22.810  INFO 2904 --- [restartedMain] com.zaxxer.hikari.HikariDataSource       : HikariPool-1 - Start completed.
2021-01-19 20:43:22.828  INFO 2904 --- [restartedMain] org.hibernate.dialect.Dialect            : HHH000400: Using dialect: org.hibernate.dialect.MySQL8Dialect
2021-01-19 20:43:23.171  INFO 2904 --- [restartedMain] o.h.e.t.j.p.i.JtaPlatformInitiator       : HHH000490: Using JtaPlatform implementation: [org.hibernate.engine.transaction.jta.platform.internal.NoJtaPlatform]
2021-01-19 20:43:23.177  INFO 2904 --- [restartedMain] j.LocalContainerEntityManagerFactoryBean : Initialized JPA EntityManagerFactory for persistence unit 'default'
2021-01-19 20:43:23.348  WARN 2904 --- [restartedMain] JpaBaseConfiguration$JpaWebConfiguration : spring.jpa.open-in-view is enabled by default. Therefore, database queries may be performed during view rendering. Explicitly configure spring.jpa.open-in-view to disable this warning
2021-01-19 20:43:23.406  INFO 2904 --- [restartedMain] o.s.s.concurrent.ThreadPoolTaskExecutor  : Initializing ExecutorService 'applicationTaskExecutor'
2021-01-19 20:43:23.454  INFO 2904 --- [restartedMain] o.s.b.a.w.s.WelcomePageHandlerMapping    : Adding welcome page template: index
2021-01-19 20:43:23.553  INFO 2904 --- [restartedMain] o.s.b.d.a.OptionalLiveReloadServer       : LiveReload server is running on port 35729
2021-01-19 20:43:23.579  INFO 2904 --- [restartedMain] o.s.b.w.embedded.tomcat.TomcatWebServer  : Tomcat started on port(s): 8090 (http) with context path ''
2021-01-19 20:43:23.586  INFO 2904 --- [restartedMain] com.uc.java.SpringBootDemoApplication    : Started SpringBootDemoApplication in 2.268 seconds (JVM running for 2.751)
2021-01-19 20:45:07.203  INFO 2904 --- [RMI TCP Connection(5)-127.0.0.1] inMXBeanRegistrar$SpringApplicationAdmin : Application shutdown requested.
2021-01-19 20:45:07.242  INFO 2904 --- [RMI TCP Connection(5)-127.0.0.1] o.s.s.concurrent.ThreadPoolTaskExecutor  : Shutting down ExecutorService 'applicationTaskExecutor'
2021-01-19 20:45:07.242  INFO 2904 --- [RMI TCP Connection(5)-127.0.0.1] j.LocalContainerEntityManagerFactoryBean : Closing JPA EntityManagerFactory for persistence unit 'default'
2021-01-19 20:45:07.244  INFO 2904 --- [RMI TCP Connection(5)-127.0.0.1] com.zaxxer.hikari.HikariDataSource       : HikariPool-1 - Shutdown initiated...
2021-01-19 20:45:07.248  INFO 2904 --- [RMI TCP Connection(5)-127.0.0.1] com.zaxxer.hikari.HikariDataSource       : HikariPool-1 - Shutdown completed.
